#! /c/Source/iverilog-install/bin/vvp
:ivl_version "12.0 (devel)" "(s20150603-1110-g18392a46)";
:ivl_delay_selection "TYPICAL";
:vpi_time_precision + 0;
:vpi_module "C:\iverilog\lib\ivl\system.vpi";
:vpi_module "C:\iverilog\lib\ivl\vhdl_sys.vpi";
:vpi_module "C:\iverilog\lib\ivl\vhdl_textio.vpi";
:vpi_module "C:\iverilog\lib\ivl\v2005_math.vpi";
:vpi_module "C:\iverilog\lib\ivl\va_math.vpi";
S_0000022c81292b20 .scope module, "accumulator" "accumulator" 2 2;
 .timescale 0 0;
    .port_info 0 /INPUT 1 "clk";
    .port_info 1 /INPUT 1 "load";
    .port_info 2 /INPUT 16 "write_data";
    .port_info 3 /OUTPUT 16 "data";
o0000022c812c6fa8 .functor BUFZ 1, C4<z>; HiZ drive
v0000022c812930e0_0 .net "clk", 0 0, o0000022c812c6fa8;  0 drivers
v0000022c81292cb0_0 .var "data", 15 0;
o0000022c812c7008 .functor BUFZ 1, C4<z>; HiZ drive
v0000022c81292d50_0 .net "load", 0 0, o0000022c812c7008;  0 drivers
v0000022c81292df0_0 .var "next_data", 15 0;
o0000022c812c7068 .functor BUFZ 16, C4<zzzzzzzzzzzzzzzz>; HiZ drive
v0000022c8127e010_0 .net "write_data", 15 0, o0000022c812c7068;  0 drivers
E_0000022c812c53e0 .event anyedge, v0000022c81292d50_0, v0000022c8127e010_0, v0000022c81292cb0_0;
E_0000022c812c58e0 .event posedge, v0000022c812930e0_0;
    .scope S_0000022c81292b20;
T_0 ;
    %wait E_0000022c812c58e0;
    %load/vec4 v0000022c81292df0_0;
    %assign/vec4 v0000022c81292cb0_0, 0;
    %jmp T_0;
    .thread T_0;
    .scope S_0000022c81292b20;
T_1 ;
    %wait E_0000022c812c53e0;
    %load/vec4 v0000022c81292d50_0;
    %flag_set/vec4 8;
    %jmp/0xz  T_1.0, 8;
    %load/vec4 v0000022c8127e010_0;
    %store/vec4 v0000022c81292df0_0, 0, 16;
    %jmp T_1.1;
T_1.0 ;
    %load/vec4 v0000022c81292cb0_0;
    %store/vec4 v0000022c81292df0_0, 0, 16;
T_1.1 ;
    %jmp T_1;
    .thread T_1, $push;
    .scope S_0000022c81292b20;
T_2 ;
    %pushi/vec4 0, 0, 16;
    %store/vec4 v0000022c81292cb0_0, 0, 16;
    %end;
    .thread T_2;
# The file index is used to find the file name in the following table.
:file_names 3;
    "N/A";
    "<interactive>";
    "accumulator.v";
