#! /c/Source/iverilog-install/bin/vvp
:ivl_version "12.0 (devel)" "(s20150603-1110-g18392a46)";
:ivl_delay_selection "TYPICAL";
:vpi_time_precision + 0;
:vpi_module "C:\iverilog\lib\ivl\system.vpi";
:vpi_module "C:\iverilog\lib\ivl\vhdl_sys.vpi";
:vpi_module "C:\iverilog\lib\ivl\vhdl_textio.vpi";
:vpi_module "C:\iverilog\lib\ivl\v2005_math.vpi";
:vpi_module "C:\iverilog\lib\ivl\va_math.vpi";
S_00000129681d24d0 .scope module, "control_unit" "control_unit" 2 2;
 .timescale 0 0;
    .port_info 0 /INPUT 16 "instr";
    .port_info 1 /OUTPUT 1 "we";
    .port_info 2 /OUTPUT 1 "addressing_mode";
    .port_info 3 /OUTPUT 1 "acc_control";
    .port_info 4 /OUTPUT 1 "load";
    .port_info 5 /OUTPUT 1 "zx";
    .port_info 6 /OUTPUT 1 "nx";
    .port_info 7 /OUTPUT 1 "zy";
    .port_info 8 /OUTPUT 1 "ny";
    .port_info 9 /OUTPUT 1 "f";
    .port_info 10 /OUTPUT 1 "no";
    .port_info 11 /OUTPUT 2 "PC_ctrl";
v00000129681f7710_0 .net "PC_ctrl", 1 0, L_0000012968204290;  1 drivers
L_000001296825dce8 .functor BUFT 1, C4<10010>, C4<0>, C4<0>, C4<0>;
v00000129681f7670_0 .net/2u *"_ivl_12", 4 0, L_000001296825dce8;  1 drivers
L_000001296825dd30 .functor BUFT 1, C4<10011>, C4<0>, C4<0>, C4<0>;
v00000129681f68b0_0 .net/2u *"_ivl_16", 4 0, L_000001296825dd30;  1 drivers
v00000129681f7210_0 .net *"_ivl_18", 0 0, L_0000012968203ed0;  1 drivers
L_000001296825dc58 .functor BUFT 1, C4<10011>, C4<0>, C4<0>, C4<0>;
v00000129681f6bd0_0 .net/2u *"_ivl_2", 4 0, L_000001296825dc58;  1 drivers
L_000001296825dd78 .functor BUFT 1, C4<00>, C4<0>, C4<0>, C4<0>;
v00000129681f6b30_0 .net/2u *"_ivl_20", 1 0, L_000001296825dd78;  1 drivers
L_000001296825ddc0 .functor BUFT 1, C4<10100>, C4<0>, C4<0>, C4<0>;
v00000129681f6c70_0 .net/2u *"_ivl_22", 4 0, L_000001296825ddc0;  1 drivers
v00000129681f69f0_0 .net *"_ivl_24", 0 0, L_0000012968204330;  1 drivers
L_000001296825de08 .functor BUFT 1, C4<01>, C4<0>, C4<0>, C4<0>;
v00000129681f6e50_0 .net/2u *"_ivl_26", 1 0, L_000001296825de08;  1 drivers
L_000001296825de50 .functor BUFT 1, C4<10101>, C4<0>, C4<0>, C4<0>;
v00000129681f7350_0 .net/2u *"_ivl_28", 4 0, L_000001296825de50;  1 drivers
v00000129681f6a90_0 .net *"_ivl_30", 0 0, L_0000012968204470;  1 drivers
L_000001296825de98 .functor BUFT 1, C4<10>, C4<0>, C4<0>, C4<0>;
v00000129681f6d10_0 .net/2u *"_ivl_32", 1 0, L_000001296825de98;  1 drivers
L_000001296825dee0 .functor BUFT 1, C4<10110>, C4<0>, C4<0>, C4<0>;
v00000129681f6f90_0 .net/2u *"_ivl_34", 4 0, L_000001296825dee0;  1 drivers
v00000129681f73f0_0 .net *"_ivl_36", 0 0, L_0000012968204790;  1 drivers
L_000001296825df28 .functor BUFT 1, C4<11>, C4<0>, C4<0>, C4<0>;
v00000129681f7490_0 .net/2u *"_ivl_38", 1 0, L_000001296825df28;  1 drivers
L_000001296825df70 .functor BUFT 1, C4<xx>, C4<0>, C4<0>, C4<0>;
v00000129681f7530_0 .net *"_ivl_40", 1 0, L_000001296825df70;  1 drivers
v0000012968203390_0 .net *"_ivl_42", 1 0, L_00000129682036b0;  1 drivers
v0000012968203250_0 .net *"_ivl_44", 1 0, L_0000012968203d90;  1 drivers
v0000012968204bf0_0 .net *"_ivl_46", 1 0, L_0000012968204ab0;  1 drivers
L_000001296825dca0 .functor BUFT 1, C4<10001>, C4<0>, C4<0>, C4<0>;
v0000012968203570_0 .net/2u *"_ivl_8", 4 0, L_000001296825dca0;  1 drivers
v00000129682037f0_0 .net "acc_control", 0 0, L_00000129682032f0;  1 drivers
v0000012968203610_0 .net "addressing_mode", 0 0, L_00000129682046f0;  1 drivers
v0000012968204010_0 .var "f", 0 0;
o0000012968211428 .functor BUFZ 16, C4<zzzzzzzzzzzzzzzz>; HiZ drive
v00000129682043d0_0 .net "instr", 15 0, o0000012968211428;  0 drivers
v0000012968204dd0_0 .net "load", 0 0, L_0000012968203430;  1 drivers
v00000129682045b0_0 .var "no", 0 0;
v0000012968204a10_0 .var "nx", 0 0;
v0000012968204150_0 .var "ny", 0 0;
v0000012968204650_0 .net "opcode", 4 0, L_0000012968204510;  1 drivers
v00000129682041f0_0 .net "we", 0 0, L_00000129682039d0;  1 drivers
v00000129682040b0_0 .var "zx", 0 0;
v0000012968203930_0 .var "zy", 0 0;
E_00000129681ba100 .event anyedge, v0000012968204650_0;
L_0000012968204510 .part o0000012968211428, 10, 5;
L_00000129682039d0 .cmp/eq 5, L_0000012968204510, L_000001296825dc58;
L_00000129682046f0 .part o0000012968211428, 15, 1;
L_00000129682032f0 .cmp/ge 5, L_000001296825dca0, L_0000012968204510;
L_0000012968203430 .cmp/ge 5, L_000001296825dce8, L_0000012968204510;
L_0000012968203ed0 .cmp/ge 5, L_000001296825dd30, L_0000012968204510;
L_0000012968204330 .cmp/eq 5, L_0000012968204510, L_000001296825ddc0;
L_0000012968204470 .cmp/eq 5, L_0000012968204510, L_000001296825de50;
L_0000012968204790 .cmp/eq 5, L_0000012968204510, L_000001296825dee0;
L_00000129682036b0 .functor MUXZ 2, L_000001296825df70, L_000001296825df28, L_0000012968204790, C4<>;
L_0000012968203d90 .functor MUXZ 2, L_00000129682036b0, L_000001296825de98, L_0000012968204470, C4<>;
L_0000012968204ab0 .functor MUXZ 2, L_0000012968203d90, L_000001296825de08, L_0000012968204330, C4<>;
L_0000012968204290 .functor MUXZ 2, L_0000012968204ab0, L_000001296825dd78, L_0000012968203ed0, C4<>;
    .scope S_00000129681d24d0;
T_0 ;
    %wait E_00000129681ba100;
    %load/vec4 v0000012968204650_0;
    %dup/vec4;
    %pushi/vec4 0, 0, 5;
    %cmp/u;
    %jmp/1 T_0.0, 6;
    %dup/vec4;
    %pushi/vec4 1, 0, 5;
    %cmp/u;
    %jmp/1 T_0.1, 6;
    %dup/vec4;
    %pushi/vec4 2, 0, 5;
    %cmp/u;
    %jmp/1 T_0.2, 6;
    %dup/vec4;
    %pushi/vec4 3, 0, 5;
    %cmp/u;
    %jmp/1 T_0.3, 6;
    %dup/vec4;
    %pushi/vec4 4, 0, 5;
    %cmp/u;
    %jmp/1 T_0.4, 6;
    %dup/vec4;
    %pushi/vec4 5, 0, 5;
    %cmp/u;
    %jmp/1 T_0.5, 6;
    %dup/vec4;
    %pushi/vec4 6, 0, 5;
    %cmp/u;
    %jmp/1 T_0.6, 6;
    %dup/vec4;
    %pushi/vec4 7, 0, 5;
    %cmp/u;
    %jmp/1 T_0.7, 6;
    %dup/vec4;
    %pushi/vec4 8, 0, 5;
    %cmp/u;
    %jmp/1 T_0.8, 6;
    %dup/vec4;
    %pushi/vec4 9, 0, 5;
    %cmp/u;
    %jmp/1 T_0.9, 6;
    %dup/vec4;
    %pushi/vec4 10, 0, 5;
    %cmp/u;
    %jmp/1 T_0.10, 6;
    %dup/vec4;
    %pushi/vec4 11, 0, 5;
    %cmp/u;
    %jmp/1 T_0.11, 6;
    %dup/vec4;
    %pushi/vec4 12, 0, 5;
    %cmp/u;
    %jmp/1 T_0.12, 6;
    %dup/vec4;
    %pushi/vec4 13, 0, 5;
    %cmp/u;
    %jmp/1 T_0.13, 6;
    %dup/vec4;
    %pushi/vec4 14, 0, 5;
    %cmp/u;
    %jmp/1 T_0.14, 6;
    %dup/vec4;
    %pushi/vec4 15, 0, 5;
    %cmp/u;
    %jmp/1 T_0.15, 6;
    %dup/vec4;
    %pushi/vec4 16, 0, 5;
    %cmp/u;
    %jmp/1 T_0.16, 6;
    %dup/vec4;
    %pushi/vec4 17, 0, 5;
    %cmp/u;
    %jmp/1 T_0.17, 6;
    %pushi/vec4 63, 63, 6;
    %split/vec4 1;
    %store/vec4 v00000129682045b0_0, 0, 1;
    %split/vec4 1;
    %store/vec4 v0000012968204010_0, 0, 1;
    %split/vec4 1;
    %store/vec4 v0000012968204150_0, 0, 1;
    %split/vec4 1;
    %store/vec4 v0000012968203930_0, 0, 1;
    %split/vec4 1;
    %store/vec4 v0000012968204a10_0, 0, 1;
    %store/vec4 v00000129682040b0_0, 0, 1;
    %jmp T_0.19;
T_0.0 ;
    %pushi/vec4 40, 0, 6;
    %split/vec4 1;
    %store/vec4 v00000129682045b0_0, 0, 1;
    %split/vec4 1;
    %store/vec4 v0000012968204010_0, 0, 1;
    %split/vec4 1;
    %store/vec4 v0000012968204150_0, 0, 1;
    %split/vec4 1;
    %store/vec4 v0000012968203930_0, 0, 1;
    %split/vec4 1;
    %store/vec4 v0000012968204a10_0, 0, 1;
    %store/vec4 v00000129682040b0_0, 0, 1;
    %jmp T_0.19;
T_0.1 ;
    %pushi/vec4 63, 0, 6;
    %split/vec4 1;
    %store/vec4 v00000129682045b0_0, 0, 1;
    %split/vec4 1;
    %store/vec4 v0000012968204010_0, 0, 1;
    %split/vec4 1;
    %store/vec4 v0000012968204150_0, 0, 1;
    %split/vec4 1;
    %store/vec4 v0000012968203930_0, 0, 1;
    %split/vec4 1;
    %store/vec4 v0000012968204a10_0, 0, 1;
    %store/vec4 v00000129682040b0_0, 0, 1;
    %jmp T_0.19;
T_0.2 ;
    %pushi/vec4 46, 0, 6;
    %split/vec4 1;
    %store/vec4 v00000129682045b0_0, 0, 1;
    %split/vec4 1;
    %store/vec4 v0000012968204010_0, 0, 1;
    %split/vec4 1;
    %store/vec4 v0000012968204150_0, 0, 1;
    %split/vec4 1;
    %store/vec4 v0000012968203930_0, 0, 1;
    %split/vec4 1;
    %store/vec4 v0000012968204a10_0, 0, 1;
    %store/vec4 v00000129682040b0_0, 0, 1;
    %jmp T_0.19;
T_0.3 ;
    %pushi/vec4 10, 0, 6;
    %split/vec4 1;
    %store/vec4 v00000129682045b0_0, 0, 1;
    %split/vec4 1;
    %store/vec4 v0000012968204010_0, 0, 1;
    %split/vec4 1;
    %store/vec4 v0000012968204150_0, 0, 1;
    %split/vec4 1;
    %store/vec4 v0000012968203930_0, 0, 1;
    %split/vec4 1;
    %store/vec4 v0000012968204a10_0, 0, 1;
    %store/vec4 v00000129682040b0_0, 0, 1;
    %jmp T_0.19;
T_0.4 ;
    %pushi/vec4 34, 0, 6;
    %split/vec4 1;
    %store/vec4 v00000129682045b0_0, 0, 1;
    %split/vec4 1;
    %store/vec4 v0000012968204010_0, 0, 1;
    %split/vec4 1;
    %store/vec4 v0000012968204150_0, 0, 1;
    %split/vec4 1;
    %store/vec4 v0000012968203930_0, 0, 1;
    %split/vec4 1;
    %store/vec4 v0000012968204a10_0, 0, 1;
    %store/vec4 v00000129682040b0_0, 0, 1;
    %jmp T_0.19;
T_0.5 ;
    %pushi/vec4 26, 0, 6;
    %split/vec4 1;
    %store/vec4 v00000129682045b0_0, 0, 1;
    %split/vec4 1;
    %store/vec4 v0000012968204010_0, 0, 1;
    %split/vec4 1;
    %store/vec4 v0000012968204150_0, 0, 1;
    %split/vec4 1;
    %store/vec4 v0000012968203930_0, 0, 1;
    %split/vec4 1;
    %store/vec4 v0000012968204a10_0, 0, 1;
    %store/vec4 v00000129682040b0_0, 0, 1;
    %jmp T_0.19;
T_0.6 ;
    %pushi/vec4 35, 0, 6;
    %split/vec4 1;
    %store/vec4 v00000129682045b0_0, 0, 1;
    %split/vec4 1;
    %store/vec4 v0000012968204010_0, 0, 1;
    %split/vec4 1;
    %store/vec4 v0000012968204150_0, 0, 1;
    %split/vec4 1;
    %store/vec4 v0000012968203930_0, 0, 1;
    %split/vec4 1;
    %store/vec4 v0000012968204a10_0, 0, 1;
    %store/vec4 v00000129682040b0_0, 0, 1;
    %jmp T_0.19;
T_0.7 ;
    %pushi/vec4 15, 0, 6;
    %split/vec4 1;
    %store/vec4 v00000129682045b0_0, 0, 1;
    %split/vec4 1;
    %store/vec4 v0000012968204010_0, 0, 1;
    %split/vec4 1;
    %store/vec4 v0000012968204150_0, 0, 1;
    %split/vec4 1;
    %store/vec4 v0000012968203930_0, 0, 1;
    %split/vec4 1;
    %store/vec4 v0000012968204a10_0, 0, 1;
    %store/vec4 v00000129682040b0_0, 0, 1;
    %jmp T_0.19;
T_0.8 ;
    %pushi/vec4 51, 0, 6;
    %split/vec4 1;
    %store/vec4 v00000129682045b0_0, 0, 1;
    %split/vec4 1;
    %store/vec4 v0000012968204010_0, 0, 1;
    %split/vec4 1;
    %store/vec4 v0000012968204150_0, 0, 1;
    %split/vec4 1;
    %store/vec4 v0000012968203930_0, 0, 1;
    %split/vec4 1;
    %store/vec4 v0000012968204a10_0, 0, 1;
    %store/vec4 v00000129682040b0_0, 0, 1;
    %jmp T_0.19;
T_0.9 ;
    %pushi/vec4 31, 0, 6;
    %split/vec4 1;
    %store/vec4 v00000129682045b0_0, 0, 1;
    %split/vec4 1;
    %store/vec4 v0000012968204010_0, 0, 1;
    %split/vec4 1;
    %store/vec4 v0000012968204150_0, 0, 1;
    %split/vec4 1;
    %store/vec4 v0000012968203930_0, 0, 1;
    %split/vec4 1;
    %store/vec4 v0000012968204a10_0, 0, 1;
    %store/vec4 v00000129682040b0_0, 0, 1;
    %jmp T_0.19;
T_0.10 ;
    %pushi/vec4 55, 0, 6;
    %split/vec4 1;
    %store/vec4 v00000129682045b0_0, 0, 1;
    %split/vec4 1;
    %store/vec4 v0000012968204010_0, 0, 1;
    %split/vec4 1;
    %store/vec4 v0000012968204150_0, 0, 1;
    %split/vec4 1;
    %store/vec4 v0000012968203930_0, 0, 1;
    %split/vec4 1;
    %store/vec4 v0000012968204a10_0, 0, 1;
    %store/vec4 v00000129682040b0_0, 0, 1;
    %jmp T_0.19;
T_0.11 ;
    %pushi/vec4 14, 0, 6;
    %split/vec4 1;
    %store/vec4 v00000129682045b0_0, 0, 1;
    %split/vec4 1;
    %store/vec4 v0000012968204010_0, 0, 1;
    %split/vec4 1;
    %store/vec4 v0000012968204150_0, 0, 1;
    %split/vec4 1;
    %store/vec4 v0000012968203930_0, 0, 1;
    %split/vec4 1;
    %store/vec4 v0000012968204a10_0, 0, 1;
    %store/vec4 v00000129682040b0_0, 0, 1;
    %jmp T_0.19;
T_0.12 ;
    %pushi/vec4 50, 0, 6;
    %split/vec4 1;
    %store/vec4 v00000129682045b0_0, 0, 1;
    %split/vec4 1;
    %store/vec4 v0000012968204010_0, 0, 1;
    %split/vec4 1;
    %store/vec4 v0000012968204150_0, 0, 1;
    %split/vec4 1;
    %store/vec4 v0000012968203930_0, 0, 1;
    %split/vec4 1;
    %store/vec4 v0000012968204a10_0, 0, 1;
    %store/vec4 v00000129682040b0_0, 0, 1;
    %jmp T_0.19;
T_0.13 ;
    %pushi/vec4 2, 0, 6;
    %split/vec4 1;
    %store/vec4 v00000129682045b0_0, 0, 1;
    %split/vec4 1;
    %store/vec4 v0000012968204010_0, 0, 1;
    %split/vec4 1;
    %store/vec4 v0000012968204150_0, 0, 1;
    %split/vec4 1;
    %store/vec4 v0000012968203930_0, 0, 1;
    %split/vec4 1;
    %store/vec4 v0000012968204a10_0, 0, 1;
    %store/vec4 v00000129682040b0_0, 0, 1;
    %jmp T_0.19;
T_0.14 ;
    %pushi/vec4 19, 0, 6;
    %split/vec4 1;
    %store/vec4 v00000129682045b0_0, 0, 1;
    %split/vec4 1;
    %store/vec4 v0000012968204010_0, 0, 1;
    %split/vec4 1;
    %store/vec4 v0000012968204150_0, 0, 1;
    %split/vec4 1;
    %store/vec4 v0000012968203930_0, 0, 1;
    %split/vec4 1;
    %store/vec4 v0000012968204a10_0, 0, 1;
    %store/vec4 v00000129682040b0_0, 0, 1;
    %jmp T_0.19;
T_0.15 ;
    %pushi/vec4 7, 0, 6;
    %split/vec4 1;
    %store/vec4 v00000129682045b0_0, 0, 1;
    %split/vec4 1;
    %store/vec4 v0000012968204010_0, 0, 1;
    %split/vec4 1;
    %store/vec4 v0000012968204150_0, 0, 1;
    %split/vec4 1;
    %store/vec4 v0000012968203930_0, 0, 1;
    %split/vec4 1;
    %store/vec4 v0000012968204a10_0, 0, 1;
    %store/vec4 v00000129682040b0_0, 0, 1;
    %jmp T_0.19;
T_0.16 ;
    %pushi/vec4 0, 0, 6;
    %split/vec4 1;
    %store/vec4 v00000129682045b0_0, 0, 1;
    %split/vec4 1;
    %store/vec4 v0000012968204010_0, 0, 1;
    %split/vec4 1;
    %store/vec4 v0000012968204150_0, 0, 1;
    %split/vec4 1;
    %store/vec4 v0000012968203930_0, 0, 1;
    %split/vec4 1;
    %store/vec4 v0000012968204a10_0, 0, 1;
    %store/vec4 v00000129682040b0_0, 0, 1;
    %jmp T_0.19;
T_0.17 ;
    %pushi/vec4 21, 0, 6;
    %split/vec4 1;
    %store/vec4 v00000129682045b0_0, 0, 1;
    %split/vec4 1;
    %store/vec4 v0000012968204010_0, 0, 1;
    %split/vec4 1;
    %store/vec4 v0000012968204150_0, 0, 1;
    %split/vec4 1;
    %store/vec4 v0000012968203930_0, 0, 1;
    %split/vec4 1;
    %store/vec4 v0000012968204a10_0, 0, 1;
    %store/vec4 v00000129682040b0_0, 0, 1;
    %jmp T_0.19;
T_0.19 ;
    %pop/vec4 1;
    %jmp T_0;
    .thread T_0, $push;
# The file index is used to find the file name in the following table.
:file_names 3;
    "N/A";
    "<interactive>";
    "control_unit.v";
