#! /c/Source/iverilog-install/bin/vvp
:ivl_version "12.0 (devel)" "(s20150603-1110-g18392a46)";
:ivl_delay_selection "TYPICAL";
:vpi_time_precision + 0;
:vpi_module "C:\iverilog\lib\ivl\system.vpi";
:vpi_module "C:\iverilog\lib\ivl\vhdl_sys.vpi";
:vpi_module "C:\iverilog\lib\ivl\vhdl_textio.vpi";
:vpi_module "C:\iverilog\lib\ivl\v2005_math.vpi";
:vpi_module "C:\iverilog\lib\ivl\va_math.vpi";
S_0000025495832a10 .scope module, "memory" "memory" 2 1;
 .timescale 0 0;
    .port_info 0 /INPUT 10 "instr_address";
    .port_info 1 /OUTPUT 16 "instr_out";
    .port_info 2 /INPUT 10 "data_address1";
    .port_info 3 /INPUT 10 "data_address2";
    .port_info 4 /OUTPUT 16 "data_out1";
    .port_info 5 /OUTPUT 16 "data_out2";
    .port_info 6 /INPUT 10 "write_data_address";
    .port_info 7 /INPUT 16 "write_data";
    .port_info 8 /INPUT 1 "we";
    .port_info 9 /INPUT 1 "clk";
L_0000025495833230 .functor BUFZ 16, L_0000025495861d10, C4<0000000000000000>, C4<0000000000000000>, C4<0000000000000000>;
L_00000254958654b0 .functor BUFZ 16, L_0000025495861c70, C4<0000000000000000>, C4<0000000000000000>, C4<0000000000000000>;
L_00000254958f7e00 .functor BUFZ 16, L_00000254958625d0, C4<0000000000000000>, C4<0000000000000000>, C4<0000000000000000>;
v0000025495858660_0 .net *"_ivl_0", 15 0, L_0000025495861d10;  1 drivers
v0000025495832ba0_0 .net *"_ivl_10", 11 0, L_0000025495862530;  1 drivers
L_00000254958afe40 .functor BUFT 1, C4<00>, C4<0>, C4<0>, C4<0>;
v0000025495832c40_0 .net *"_ivl_13", 1 0, L_00000254958afe40;  1 drivers
v0000025495832ce0_0 .net *"_ivl_16", 15 0, L_00000254958625d0;  1 drivers
v0000025495832d80_0 .net *"_ivl_18", 11 0, L_0000025495862350;  1 drivers
v0000025495832e20_0 .net *"_ivl_2", 11 0, L_00000254958620d0;  1 drivers
L_00000254958afe88 .functor BUFT 1, C4<00>, C4<0>, C4<0>, C4<0>;
v00000254958afc40_0 .net *"_ivl_21", 1 0, L_00000254958afe88;  1 drivers
L_00000254958afdf8 .functor BUFT 1, C4<00>, C4<0>, C4<0>, C4<0>;
v0000025495861e50_0 .net *"_ivl_5", 1 0, L_00000254958afdf8;  1 drivers
v0000025495862670_0 .net *"_ivl_8", 15 0, L_0000025495861c70;  1 drivers
o0000025495867188 .functor BUFZ 1, C4<z>; HiZ drive
v00000254958627b0_0 .net "clk", 0 0, o0000025495867188;  0 drivers
o00000254958671b8 .functor BUFZ 10, C4<zzzzzzzzzz>; HiZ drive
v0000025495861f90_0 .net "data_address1", 9 0, o00000254958671b8;  0 drivers
o00000254958671e8 .functor BUFZ 10, C4<zzzzzzzzzz>; HiZ drive
v0000025495862990_0 .net "data_address2", 9 0, o00000254958671e8;  0 drivers
v0000025495861db0_0 .net "data_out1", 15 0, L_00000254958654b0;  1 drivers
v0000025495862170_0 .net "data_out2", 15 0, L_00000254958f7e00;  1 drivers
v00000254958622b0_0 .var/i "i", 31 0;
o00000254958672a8 .functor BUFZ 10, C4<zzzzzzzzzz>; HiZ drive
v0000025495862030_0 .net "instr_address", 9 0, o00000254958672a8;  0 drivers
v0000025495861ef0_0 .net "instr_out", 15 0, L_0000025495833230;  1 drivers
v0000025495862490 .array "mem", 1023 0, 15 0;
v0000025495862210 .array "temp_mem", 622 0, 15 0;
o0000025495867308 .functor BUFZ 1, C4<z>; HiZ drive
v0000025495861bd0_0 .net "we", 0 0, o0000025495867308;  0 drivers
o0000025495867338 .functor BUFZ 16, C4<zzzzzzzzzzzzzzzz>; HiZ drive
v0000025495861a90_0 .net "write_data", 15 0, o0000025495867338;  0 drivers
o0000025495867368 .functor BUFZ 10, C4<zzzzzzzzzz>; HiZ drive
v0000025495862850_0 .net "write_data_address", 9 0, o0000025495867368;  0 drivers
E_00000254957a7e00 .event posedge, v00000254958627b0_0;
L_0000025495861d10 .array/port v0000025495862490, L_00000254958620d0;
L_00000254958620d0 .concat [ 10 2 0 0], o00000254958672a8, L_00000254958afdf8;
L_0000025495861c70 .array/port v0000025495862490, L_0000025495862530;
L_0000025495862530 .concat [ 10 2 0 0], o00000254958671b8, L_00000254958afe40;
L_00000254958625d0 .array/port v0000025495862490, L_0000025495862350;
L_0000025495862350 .concat [ 10 2 0 0], o00000254958671e8, L_00000254958afe88;
    .scope S_0000025495832a10;
T_0 ;
    %wait E_00000254957a7e00;
    %load/vec4 v0000025495861bd0_0;
    %flag_set/vec4 8;
    %jmp/0xz  T_0.0, 8;
    %load/vec4 v0000025495861a90_0;
    %load/vec4 v0000025495862850_0;
    %pad/u 12;
    %ix/vec4 4;
    %store/vec4a v0000025495862490, 4, 0;
T_0.0 ;
    %jmp T_0;
    .thread T_0;
    .scope S_0000025495832a10;
T_1 ;
    %vpi_call 2 26 "$readmemh", "Program.txt", v0000025495862490 {0 0 0};
    %vpi_call 2 28 "$readmemh", "data.txt", v0000025495862210 {0 0 0};
    %pushi/vec4 0, 0, 32;
    %store/vec4 v00000254958622b0_0, 0, 32;
T_1.0 ;
    %load/vec4 v00000254958622b0_0;
    %cmpi/s 623, 0, 32;
    %jmp/0xz T_1.1, 5;
    %ix/getv/s 4, v00000254958622b0_0;
    %load/vec4a v0000025495862210, 4;
    %pushi/vec4 401, 0, 33;
    %load/vec4 v00000254958622b0_0;
    %pad/s 33;
    %add;
    %ix/vec4/s 4;
    %store/vec4a v0000025495862490, 4, 0;
    ; show_stmt_assign_vector: Get l-value for compressed += operand
    %load/vec4 v00000254958622b0_0;
    %pushi/vec4 1, 0, 32;
    %add;
    %store/vec4 v00000254958622b0_0, 0, 32;
    %jmp T_1.0;
T_1.1 ;
    %end;
    .thread T_1;
# The file index is used to find the file name in the following table.
:file_names 3;
    "N/A";
    "<interactive>";
    "memory.v";
