#! /c/Source/iverilog-install/bin/vvp
:ivl_version "12.0 (devel)" "(s20150603-1110-g18392a46)";
:ivl_delay_selection "TYPICAL";
:vpi_time_precision - 12;
:vpi_module "C:\iverilog\lib\ivl\system.vpi";
:vpi_module "C:\iverilog\lib\ivl\vhdl_sys.vpi";
:vpi_module "C:\iverilog\lib\ivl\vhdl_textio.vpi";
:vpi_module "C:\iverilog\lib\ivl\v2005_math.vpi";
:vpi_module "C:\iverilog\lib\ivl\va_math.vpi";
S_000001e7e3c2be20 .scope module, "top_file" "top_file" 2 9;
 .timescale -9 -12;
    .port_info 0 /INPUT 1 "clk";
v000001e7e3c83430_0 .net "PC", 9 0, v000001e7e3c84290_0;  1 drivers
v000001e7e3c834d0_0 .var "PCNext", 9 0;
v000001e7e3c848d0_0 .net "PC_ctrl", 1 0, L_000001e7e3c85620;  1 drivers
v000001e7e3c84d30_0 .net *"_ivl_5", 9 0, L_000001e7e3c85080;  1 drivers
v000001e7e3c837f0_0 .net *"_ivl_7", 9 0, L_000001e7e3c86f20;  1 drivers
v000001e7e3c836b0_0 .net "acc_control", 0 0, L_000001e7e3c86160;  1 drivers
v000001e7e3c83890_0 .net "acc_in", 15 0, L_000001e7e3c86340;  1 drivers
v000001e7e3c83a70_0 .net "acc_out", 15 0, v000001e7e3c22850_0;  1 drivers
v000001e7e3c83b10_0 .net "addressing_mode", 0 0, L_000001e7e3c86ca0;  1 drivers
o000001e7e3c2cfc8 .functor BUFZ 1, C4<z>; HiZ drive
v000001e7e3c843d0_0 .net "clk", 0 0, o000001e7e3c2cfc8;  0 drivers
v000001e7e3c83bb0_0 .net "data_mem_mux_out", 15 0, L_000001e7e3c860c0;  1 drivers
v000001e7e3c83cf0_0 .net "data_mem_out1", 15 0, L_000001e7e3c093a0;  1 drivers
v000001e7e3c846f0_0 .net "data_mem_out2", 15 0, L_000001e7e3c09c60;  1 drivers
v000001e7e3c85ee0_0 .net "f", 0 0, v000001e7e3c84510_0;  1 drivers
v000001e7e3c85120_0 .net "instr_from_mem", 15 0, L_000001e7e3c092c0;  1 drivers
v000001e7e3c86b60_0 .net "instr_from_reg", 15 0, v000001e7e3c841f0_0;  1 drivers
v000001e7e3c851c0_0 .net "is_result_neg", 0 0, L_000001e7e3c865c0;  1 drivers
o000001e7e3c2d328 .functor BUFZ 1, C4<z>; HiZ drive
v000001e7e3c85f80_0 .net "is_result_zero", 0 0, o000001e7e3c2d328;  0 drivers
v000001e7e3c85940_0 .net "load", 0 0, L_000001e7e3c854e0;  1 drivers
v000001e7e3c85760_0 .net "no", 0 0, v000001e7e3c845b0_0;  1 drivers
v000001e7e3c86660_0 .net "nx", 0 0, v000001e7e3c83ed0_0;  1 drivers
v000001e7e3c859e0_0 .net "ny", 0 0, v000001e7e3c83f70_0;  1 drivers
v000001e7e3c85a80_0 .net "result", 15 0, v000001e7e3c214f0_0;  1 drivers
v000001e7e3c86ac0_0 .net "we", 0 0, L_000001e7e3c86d40;  1 drivers
v000001e7e3c86a20_0 .net "zx", 0 0, v000001e7e3c83250_0;  1 drivers
v000001e7e3c85300_0 .net "zy", 0 0, v000001e7e3c83e30_0;  1 drivers
E_000001e7e3c28130/0 .event anyedge, v000001e7e3c83d90_0, v000001e7e3c21a90_0, v000001e7e3c84010_0, v000001e7e3c21db0_0;
E_000001e7e3c28130/1 .event anyedge, v000001e7e3c22850_0, v000001e7e3c21130_0;
E_000001e7e3c28130 .event/or E_000001e7e3c28130/0, E_000001e7e3c28130/1;
L_000001e7e3c86020 .part v000001e7e3c841f0_0, 0, 10;
L_000001e7e3c85260 .part L_000001e7e3c093a0, 0, 10;
L_000001e7e3c85080 .part L_000001e7e3c093a0, 0, 10;
L_000001e7e3c86f20 .part v000001e7e3c841f0_0, 0, 10;
L_000001e7e3c85440 .functor MUXZ 10, L_000001e7e3c86f20, L_000001e7e3c85080, L_000001e7e3c86ca0, C4<>;
L_000001e7e3c86ca0 .part v000001e7e3c841f0_0, 15, 1;
L_000001e7e3c860c0 .functor MUXZ 16, L_000001e7e3c093a0, L_000001e7e3c09c60, L_000001e7e3c86ca0, C4<>;
L_000001e7e3c86340 .functor MUXZ 16, L_000001e7e3c860c0, v000001e7e3c214f0_0, L_000001e7e3c86160, C4<>;
S_000001e7e3c159e0 .scope module, "acc" "accumulator" 2 56, 3 2 0, S_000001e7e3c2be20;
 .timescale 0 0;
    .port_info 0 /INPUT 1 "clk";
    .port_info 1 /INPUT 1 "load";
    .port_info 2 /INPUT 16 "write_data";
    .port_info 3 /OUTPUT 16 "data";
v000001e7e3c22ad0_0 .net "clk", 0 0, o000001e7e3c2cfc8;  alias, 0 drivers
v000001e7e3c22850_0 .var "data", 15 0;
v000001e7e3c222b0_0 .net "load", 0 0, L_000001e7e3c854e0;  alias, 1 drivers
v000001e7e3c21f90_0 .var "next_data", 15 0;
v000001e7e3c22df0_0 .net "write_data", 15 0, L_000001e7e3c86340;  alias, 1 drivers
E_000001e7e3c28370 .event anyedge, v000001e7e3c222b0_0, v000001e7e3c22df0_0, v000001e7e3c22850_0;
E_000001e7e3c28330 .event posedge, v000001e7e3c22ad0_0;
S_000001e7e3c15b70 .scope module, "alu_16" "alu" 2 63, 4 2 0, S_000001e7e3c2be20;
 .timescale -9 -12;
    .port_info 0 /INPUT 16 "x";
    .port_info 1 /INPUT 16 "y";
    .port_info 2 /INPUT 1 "zx";
    .port_info 3 /INPUT 1 "nx";
    .port_info 4 /INPUT 1 "zy";
    .port_info 5 /INPUT 1 "ny";
    .port_info 6 /INPUT 1 "f";
    .port_info 7 /INPUT 1 "no";
    .port_info 8 /OUTPUT 1 "zr";
    .port_info 9 /OUTPUT 1 "ng";
    .port_info 10 /OUTPUT 16 "o";
v000001e7e3c21770_0 .net "ctrl_sig", 5 0, L_000001e7e3c856c0;  1 drivers
v000001e7e3c213b0_0 .net "f", 0 0, v000001e7e3c84510_0;  alias, 1 drivers
v000001e7e3c21130_0 .net "ng", 0 0, L_000001e7e3c865c0;  alias, 1 drivers
v000001e7e3c219f0_0 .net "no", 0 0, v000001e7e3c845b0_0;  alias, 1 drivers
v000001e7e3c216d0_0 .net "nx", 0 0, v000001e7e3c83ed0_0;  alias, 1 drivers
v000001e7e3c225d0_0 .net "ny", 0 0, v000001e7e3c83f70_0;  alias, 1 drivers
v000001e7e3c214f0_0 .var "o", 15 0;
v000001e7e3c22a30_0 .net "x", 15 0, v000001e7e3c22850_0;  alias, 1 drivers
v000001e7e3c22670_0 .net "y", 15 0, L_000001e7e3c860c0;  alias, 1 drivers
v000001e7e3c228f0_0 .net "zer", 0 0, L_000001e7e3c85da0;  1 drivers
v000001e7e3c21db0_0 .net "zr", 0 0, o000001e7e3c2d328;  alias, 0 drivers
v000001e7e3c20ff0_0 .net "zx", 0 0, v000001e7e3c83250_0;  alias, 1 drivers
v000001e7e3c227b0_0 .net "zy", 0 0, v000001e7e3c83e30_0;  alias, 1 drivers
E_000001e7e3c28170 .event anyedge, v000001e7e3c21770_0, v000001e7e3c22850_0, v000001e7e3c22670_0;
LS_000001e7e3c856c0_0_0 .concat [ 1 1 1 1], v000001e7e3c845b0_0, v000001e7e3c84510_0, v000001e7e3c83f70_0, v000001e7e3c83e30_0;
LS_000001e7e3c856c0_0_4 .concat [ 1 1 0 0], v000001e7e3c83ed0_0, v000001e7e3c83250_0;
L_000001e7e3c856c0 .concat [ 4 2 0 0], LS_000001e7e3c856c0_0_0, LS_000001e7e3c856c0_0_4;
L_000001e7e3c85da0 .reduce/nor v000001e7e3c214f0_0;
L_000001e7e3c865c0 .part v000001e7e3c214f0_0, 15, 1;
S_000001e7e3c12c70 .scope module, "both_mem" "memory" 2 30, 5 1 0, S_000001e7e3c2be20;
 .timescale -9 -12;
    .port_info 0 /INPUT 10 "instr_address";
    .port_info 1 /OUTPUT 16 "instr_out";
    .port_info 2 /INPUT 10 "data_address1";
    .port_info 3 /INPUT 10 "data_address2";
    .port_info 4 /OUTPUT 16 "data_out1";
    .port_info 5 /OUTPUT 16 "data_out2";
    .port_info 6 /INPUT 10 "write_data_address";
    .port_info 7 /INPUT 16 "write_data";
    .port_info 8 /INPUT 1 "we";
    .port_info 9 /INPUT 1 "clk";
L_000001e7e3c092c0 .functor BUFZ 16, L_000001e7e3c85e40, C4<0000000000000000>, C4<0000000000000000>, C4<0000000000000000>;
L_000001e7e3c093a0 .functor BUFZ 16, L_000001e7e3c86c00, C4<0000000000000000>, C4<0000000000000000>, C4<0000000000000000>;
L_000001e7e3c09c60 .functor BUFZ 16, L_000001e7e3c86e80, C4<0000000000000000>, C4<0000000000000000>, C4<0000000000000000>;
v000001e7e3c22e90_0 .net *"_ivl_0", 15 0, L_000001e7e3c85e40;  1 drivers
v000001e7e3c22990_0 .net *"_ivl_10", 11 0, L_000001e7e3c85b20;  1 drivers
L_000001e7e3ce00d0 .functor BUFT 1, C4<00>, C4<0>, C4<0>, C4<0>;
v000001e7e3c21d10_0 .net *"_ivl_13", 1 0, L_000001e7e3ce00d0;  1 drivers
v000001e7e3c21b30_0 .net *"_ivl_16", 15 0, L_000001e7e3c86e80;  1 drivers
v000001e7e3c218b0_0 .net *"_ivl_18", 11 0, L_000001e7e3c86980;  1 drivers
v000001e7e3c21810_0 .net *"_ivl_2", 11 0, L_000001e7e3c85d00;  1 drivers
L_000001e7e3ce0118 .functor BUFT 1, C4<00>, C4<0>, C4<0>, C4<0>;
v000001e7e3c21590_0 .net *"_ivl_21", 1 0, L_000001e7e3ce0118;  1 drivers
L_000001e7e3ce0088 .functor BUFT 1, C4<00>, C4<0>, C4<0>, C4<0>;
v000001e7e3c22b70_0 .net *"_ivl_5", 1 0, L_000001e7e3ce0088;  1 drivers
v000001e7e3c22d50_0 .net *"_ivl_8", 15 0, L_000001e7e3c86c00;  1 drivers
v000001e7e3c22030_0 .net "clk", 0 0, o000001e7e3c2cfc8;  alias, 0 drivers
v000001e7e3c21090_0 .net "data_address1", 9 0, L_000001e7e3c86020;  1 drivers
v000001e7e3c21310_0 .net "data_address2", 9 0, L_000001e7e3c85260;  1 drivers
v000001e7e3c21630_0 .net "data_out1", 15 0, L_000001e7e3c093a0;  alias, 1 drivers
v000001e7e3c21950_0 .net "data_out2", 15 0, L_000001e7e3c09c60;  alias, 1 drivers
v000001e7e3c21a90_0 .net "instr_address", 9 0, v000001e7e3c84290_0;  alias, 1 drivers
v000001e7e3c21bd0_0 .net "instr_out", 15 0, L_000001e7e3c092c0;  alias, 1 drivers
v000001e7e3c21c70 .array "mem", 1023 0, 15 0;
v000001e7e3c22350_0 .net "we", 0 0, L_000001e7e3c86d40;  alias, 1 drivers
v000001e7e3bebe50_0 .net "write_data", 15 0, v000001e7e3c22850_0;  alias, 1 drivers
v000001e7e3beb630_0 .net "write_data_address", 9 0, L_000001e7e3c85440;  1 drivers
L_000001e7e3c85e40 .array/port v000001e7e3c21c70, L_000001e7e3c85d00;
L_000001e7e3c85d00 .concat [ 10 2 0 0], v000001e7e3c84290_0, L_000001e7e3ce0088;
L_000001e7e3c86c00 .array/port v000001e7e3c21c70, L_000001e7e3c85b20;
L_000001e7e3c85b20 .concat [ 10 2 0 0], L_000001e7e3c86020, L_000001e7e3ce00d0;
L_000001e7e3c86e80 .array/port v000001e7e3c21c70, L_000001e7e3c86980;
L_000001e7e3c86980 .concat [ 10 2 0 0], L_000001e7e3c85260, L_000001e7e3ce0118;
S_000001e7e3c12f10 .scope module, "controller" "control_unit" 2 78, 6 2 0, S_000001e7e3c2be20;
 .timescale -9 -12;
    .port_info 0 /INPUT 16 "instr";
    .port_info 1 /OUTPUT 1 "we";
    .port_info 2 /OUTPUT 1 "acc_control";
    .port_info 3 /OUTPUT 1 "load";
    .port_info 4 /OUTPUT 1 "zx";
    .port_info 5 /OUTPUT 1 "nx";
    .port_info 6 /OUTPUT 1 "zy";
    .port_info 7 /OUTPUT 1 "ny";
    .port_info 8 /OUTPUT 1 "f";
    .port_info 9 /OUTPUT 1 "no";
    .port_info 10 /OUTPUT 2 "PC_ctrl";
v000001e7e3c83d90_0 .net "PC_ctrl", 1 0, L_000001e7e3c85620;  alias, 1 drivers
L_000001e7e3ce01f0 .functor BUFT 1, C4<10010>, C4<0>, C4<0>, C4<0>;
v000001e7e3c84650_0 .net/2u *"_ivl_10", 4 0, L_000001e7e3ce01f0;  1 drivers
L_000001e7e3ce0238 .functor BUFT 1, C4<10011>, C4<0>, C4<0>, C4<0>;
v000001e7e3c83110_0 .net/2u *"_ivl_14", 4 0, L_000001e7e3ce0238;  1 drivers
v000001e7e3c83930_0 .net *"_ivl_16", 0 0, L_000001e7e3c85bc0;  1 drivers
L_000001e7e3ce0280 .functor BUFT 1, C4<00>, C4<0>, C4<0>, C4<0>;
v000001e7e3c83750_0 .net/2u *"_ivl_18", 1 0, L_000001e7e3ce0280;  1 drivers
L_000001e7e3ce0160 .functor BUFT 1, C4<10011>, C4<0>, C4<0>, C4<0>;
v000001e7e3c839d0_0 .net/2u *"_ivl_2", 4 0, L_000001e7e3ce0160;  1 drivers
L_000001e7e3ce02c8 .functor BUFT 1, C4<10100>, C4<0>, C4<0>, C4<0>;
v000001e7e3c84830_0 .net/2u *"_ivl_20", 4 0, L_000001e7e3ce02c8;  1 drivers
v000001e7e3c84970_0 .net *"_ivl_22", 0 0, L_000001e7e3c85580;  1 drivers
L_000001e7e3ce0310 .functor BUFT 1, C4<01>, C4<0>, C4<0>, C4<0>;
v000001e7e3c840b0_0 .net/2u *"_ivl_24", 1 0, L_000001e7e3ce0310;  1 drivers
L_000001e7e3ce0358 .functor BUFT 1, C4<10101>, C4<0>, C4<0>, C4<0>;
v000001e7e3c83070_0 .net/2u *"_ivl_26", 4 0, L_000001e7e3ce0358;  1 drivers
v000001e7e3c84dd0_0 .net *"_ivl_28", 0 0, L_000001e7e3c86de0;  1 drivers
L_000001e7e3ce03a0 .functor BUFT 1, C4<10>, C4<0>, C4<0>, C4<0>;
v000001e7e3c84b50_0 .net/2u *"_ivl_30", 1 0, L_000001e7e3ce03a0;  1 drivers
L_000001e7e3ce03e8 .functor BUFT 1, C4<10110>, C4<0>, C4<0>, C4<0>;
v000001e7e3c84790_0 .net/2u *"_ivl_32", 4 0, L_000001e7e3ce03e8;  1 drivers
v000001e7e3c83c50_0 .net *"_ivl_34", 0 0, L_000001e7e3c85800;  1 drivers
L_000001e7e3ce0430 .functor BUFT 1, C4<11>, C4<0>, C4<0>, C4<0>;
v000001e7e3c84a10_0 .net/2u *"_ivl_36", 1 0, L_000001e7e3ce0430;  1 drivers
L_000001e7e3ce0478 .functor BUFT 1, C4<xx>, C4<0>, C4<0>, C4<0>;
v000001e7e3c84e70_0 .net *"_ivl_38", 1 0, L_000001e7e3ce0478;  1 drivers
v000001e7e3c84ab0_0 .net *"_ivl_40", 1 0, L_000001e7e3c862a0;  1 drivers
v000001e7e3c84c90_0 .net *"_ivl_42", 1 0, L_000001e7e3c86200;  1 drivers
v000001e7e3c83610_0 .net *"_ivl_44", 1 0, L_000001e7e3c868e0;  1 drivers
L_000001e7e3ce01a8 .functor BUFT 1, C4<10001>, C4<0>, C4<0>, C4<0>;
v000001e7e3c84470_0 .net/2u *"_ivl_6", 4 0, L_000001e7e3ce01a8;  1 drivers
v000001e7e3c83570_0 .net "acc_control", 0 0, L_000001e7e3c86160;  alias, 1 drivers
v000001e7e3c84510_0 .var "f", 0 0;
v000001e7e3c84010_0 .net "instr", 15 0, v000001e7e3c841f0_0;  alias, 1 drivers
v000001e7e3c84bf0_0 .net "load", 0 0, L_000001e7e3c854e0;  alias, 1 drivers
v000001e7e3c845b0_0 .var "no", 0 0;
v000001e7e3c83ed0_0 .var "nx", 0 0;
v000001e7e3c83f70_0 .var "ny", 0 0;
v000001e7e3c831b0_0 .net "opcode", 4 0, L_000001e7e3c853a0;  1 drivers
v000001e7e3c84f10_0 .net "we", 0 0, L_000001e7e3c86d40;  alias, 1 drivers
v000001e7e3c83250_0 .var "zx", 0 0;
v000001e7e3c83e30_0 .var "zy", 0 0;
E_000001e7e3c27cf0 .event anyedge, v000001e7e3c831b0_0;
L_000001e7e3c853a0 .part v000001e7e3c841f0_0, 10, 5;
L_000001e7e3c86d40 .cmp/eq 5, L_000001e7e3c853a0, L_000001e7e3ce0160;
L_000001e7e3c86160 .cmp/ge 5, L_000001e7e3ce01a8, L_000001e7e3c853a0;
L_000001e7e3c854e0 .cmp/ge 5, L_000001e7e3ce01f0, L_000001e7e3c853a0;
L_000001e7e3c85bc0 .cmp/ge 5, L_000001e7e3ce0238, L_000001e7e3c853a0;
L_000001e7e3c85580 .cmp/eq 5, L_000001e7e3c853a0, L_000001e7e3ce02c8;
L_000001e7e3c86de0 .cmp/eq 5, L_000001e7e3c853a0, L_000001e7e3ce0358;
L_000001e7e3c85800 .cmp/eq 5, L_000001e7e3c853a0, L_000001e7e3ce03e8;
L_000001e7e3c862a0 .functor MUXZ 2, L_000001e7e3ce0478, L_000001e7e3ce0430, L_000001e7e3c85800, C4<>;
L_000001e7e3c86200 .functor MUXZ 2, L_000001e7e3c862a0, L_000001e7e3ce03a0, L_000001e7e3c86de0, C4<>;
L_000001e7e3c868e0 .functor MUXZ 2, L_000001e7e3c86200, L_000001e7e3ce0310, L_000001e7e3c85580, C4<>;
L_000001e7e3c85620 .functor MUXZ 2, L_000001e7e3c868e0, L_000001e7e3ce0280, L_000001e7e3c85bc0, C4<>;
S_000001e7e3c08ba0 .scope module, "ins_reg" "instruction_register" 2 43, 7 1 0, S_000001e7e3c2be20;
 .timescale -9 -12;
    .port_info 0 /INPUT 1 "clk";
    .port_info 1 /INPUT 16 "write_instr";
    .port_info 2 /OUTPUT 16 "instr";
v000001e7e3c84150_0 .net "clk", 0 0, o000001e7e3c2cfc8;  alias, 0 drivers
v000001e7e3c841f0_0 .var "instr", 15 0;
v000001e7e3c832f0_0 .net "write_instr", 15 0, L_000001e7e3c092c0;  alias, 1 drivers
S_000001e7e3c08d30 .scope module, "pc" "program_counter" 2 23, 8 1 0, S_000001e7e3c2be20;
 .timescale -9 -12;
    .port_info 0 /INPUT 1 "clk";
    .port_info 1 /INPUT 10 "PCNext";
    .port_info 2 /OUTPUT 10 "PC";
v000001e7e3c84290_0 .var "PC", 9 0;
v000001e7e3c83390_0 .net "PCNext", 9 0, v000001e7e3c834d0_0;  1 drivers
v000001e7e3c84330_0 .net "clk", 0 0, o000001e7e3c2cfc8;  alias, 0 drivers
    .scope S_000001e7e3c08d30;
T_0 ;
    %wait E_000001e7e3c28330;
    %load/vec4 v000001e7e3c83390_0;
    %assign/vec4 v000001e7e3c84290_0, 0;
    %jmp T_0;
    .thread T_0;
    .scope S_000001e7e3c08d30;
T_1 ;
    %pushi/vec4 0, 0, 10;
    %store/vec4 v000001e7e3c84290_0, 0, 10;
    %end;
    .thread T_1;
    .scope S_000001e7e3c12c70;
T_2 ;
    %wait E_000001e7e3c28330;
    %load/vec4 v000001e7e3c22350_0;
    %flag_set/vec4 8;
    %jmp/0xz  T_2.0, 8;
    %load/vec4 v000001e7e3bebe50_0;
    %load/vec4 v000001e7e3beb630_0;
    %pad/u 12;
    %ix/vec4 4;
    %store/vec4a v000001e7e3c21c70, 4, 0;
T_2.0 ;
    %jmp T_2;
    .thread T_2;
    .scope S_000001e7e3c12c70;
T_3 ;
    %pushi/vec4 18833, 0, 16;
    %ix/load 4, 0, 0;
    %flag_set/imm 4, 0;
    %store/vec4a v000001e7e3c21c70, 4, 0;
    %pushi/vec4 13714, 0, 16;
    %ix/load 4, 1, 0;
    %flag_set/imm 4, 0;
    %store/vec4a v000001e7e3c21c70, 4, 0;
    %pushi/vec4 19857, 0, 16;
    %ix/load 4, 2, 0;
    %flag_set/imm 4, 0;
    %store/vec4a v000001e7e3c21c70, 4, 0;
    %pushi/vec4 2, 0, 16;
    %ix/load 4, 401, 0;
    %flag_set/imm 4, 0;
    %store/vec4a v000001e7e3c21c70, 4, 0;
    %pushi/vec4 4, 0, 16;
    %ix/load 4, 402, 0;
    %flag_set/imm 4, 0;
    %store/vec4a v000001e7e3c21c70, 4, 0;
    %end;
    .thread T_3;
    .scope S_000001e7e3c08ba0;
T_4 ;
    %wait E_000001e7e3c28330;
    %load/vec4 v000001e7e3c832f0_0;
    %assign/vec4 v000001e7e3c841f0_0, 0;
    %jmp T_4;
    .thread T_4;
    .scope S_000001e7e3c159e0;
T_5 ;
    %wait E_000001e7e3c28330;
    %load/vec4 v000001e7e3c21f90_0;
    %assign/vec4 v000001e7e3c22850_0, 0;
    %jmp T_5;
    .thread T_5;
    .scope S_000001e7e3c159e0;
T_6 ;
    %wait E_000001e7e3c28370;
    %load/vec4 v000001e7e3c222b0_0;
    %flag_set/vec4 8;
    %jmp/0xz  T_6.0, 8;
    %load/vec4 v000001e7e3c22df0_0;
    %store/vec4 v000001e7e3c21f90_0, 0, 16;
    %jmp T_6.1;
T_6.0 ;
    %load/vec4 v000001e7e3c22850_0;
    %store/vec4 v000001e7e3c21f90_0, 0, 16;
T_6.1 ;
    %jmp T_6;
    .thread T_6, $push;
    .scope S_000001e7e3c159e0;
T_7 ;
    %pushi/vec4 0, 0, 16;
    %store/vec4 v000001e7e3c22850_0, 0, 16;
    %end;
    .thread T_7;
    .scope S_000001e7e3c15b70;
T_8 ;
    %wait E_000001e7e3c28170;
    %pushi/vec4 65535, 65535, 16;
    %store/vec4 v000001e7e3c214f0_0, 0, 16;
    %load/vec4 v000001e7e3c21770_0;
    %dup/vec4;
    %pushi/vec4 21, 0, 6;
    %cmp/u;
    %jmp/1 T_8.0, 6;
    %dup/vec4;
    %pushi/vec4 0, 0, 6;
    %cmp/u;
    %jmp/1 T_8.1, 6;
    %dup/vec4;
    %pushi/vec4 7, 0, 6;
    %cmp/u;
    %jmp/1 T_8.2, 6;
    %dup/vec4;
    %pushi/vec4 19, 0, 6;
    %cmp/u;
    %jmp/1 T_8.3, 6;
    %dup/vec4;
    %pushi/vec4 2, 0, 6;
    %cmp/u;
    %jmp/1 T_8.4, 6;
    %dup/vec4;
    %pushi/vec4 50, 0, 6;
    %cmp/u;
    %jmp/1 T_8.5, 6;
    %dup/vec4;
    %pushi/vec4 14, 0, 6;
    %cmp/u;
    %jmp/1 T_8.6, 6;
    %dup/vec4;
    %pushi/vec4 55, 0, 6;
    %cmp/u;
    %jmp/1 T_8.7, 6;
    %dup/vec4;
    %pushi/vec4 31, 0, 6;
    %cmp/u;
    %jmp/1 T_8.8, 6;
    %dup/vec4;
    %pushi/vec4 51, 0, 6;
    %cmp/u;
    %jmp/1 T_8.9, 6;
    %dup/vec4;
    %pushi/vec4 15, 0, 6;
    %cmp/u;
    %jmp/1 T_8.10, 6;
    %dup/vec4;
    %pushi/vec4 35, 0, 6;
    %cmp/u;
    %jmp/1 T_8.11, 6;
    %dup/vec4;
    %pushi/vec4 26, 0, 6;
    %cmp/u;
    %jmp/1 T_8.12, 6;
    %dup/vec4;
    %pushi/vec4 34, 0, 6;
    %cmp/u;
    %jmp/1 T_8.13, 6;
    %dup/vec4;
    %pushi/vec4 10, 0, 6;
    %cmp/u;
    %jmp/1 T_8.14, 6;
    %dup/vec4;
    %pushi/vec4 46, 0, 6;
    %cmp/u;
    %jmp/1 T_8.15, 6;
    %dup/vec4;
    %pushi/vec4 63, 0, 6;
    %cmp/u;
    %jmp/1 T_8.16, 6;
    %dup/vec4;
    %pushi/vec4 40, 0, 6;
    %cmp/u;
    %jmp/1 T_8.17, 6;
    %jmp T_8.18;
T_8.0 ;
    %load/vec4 v000001e7e3c22a30_0;
    %load/vec4 v000001e7e3c22670_0;
    %or;
    %store/vec4 v000001e7e3c214f0_0, 0, 16;
    %jmp T_8.18;
T_8.1 ;
    %load/vec4 v000001e7e3c22a30_0;
    %load/vec4 v000001e7e3c22670_0;
    %and;
    %store/vec4 v000001e7e3c214f0_0, 0, 16;
    %jmp T_8.18;
T_8.2 ;
    %load/vec4 v000001e7e3c22670_0;
    %load/vec4 v000001e7e3c22a30_0;
    %sub;
    %store/vec4 v000001e7e3c214f0_0, 0, 16;
    %jmp T_8.18;
T_8.3 ;
    %load/vec4 v000001e7e3c22a30_0;
    %load/vec4 v000001e7e3c22670_0;
    %sub;
    %store/vec4 v000001e7e3c214f0_0, 0, 16;
    %jmp T_8.18;
T_8.4 ;
    %load/vec4 v000001e7e3c22a30_0;
    %load/vec4 v000001e7e3c22670_0;
    %add;
    %store/vec4 v000001e7e3c214f0_0, 0, 16;
    %jmp T_8.18;
T_8.5 ;
    %load/vec4 v000001e7e3c22670_0;
    %subi 1, 0, 16;
    %store/vec4 v000001e7e3c214f0_0, 0, 16;
    %jmp T_8.18;
T_8.6 ;
    %load/vec4 v000001e7e3c22a30_0;
    %subi 1, 0, 16;
    %store/vec4 v000001e7e3c214f0_0, 0, 16;
    %jmp T_8.18;
T_8.7 ;
    %load/vec4 v000001e7e3c22670_0;
    %addi 1, 0, 16;
    %store/vec4 v000001e7e3c214f0_0, 0, 16;
    %jmp T_8.18;
T_8.8 ;
    %load/vec4 v000001e7e3c22a30_0;
    %addi 1, 0, 16;
    %store/vec4 v000001e7e3c214f0_0, 0, 16;
    %jmp T_8.18;
T_8.9 ;
    %load/vec4 v000001e7e3c22670_0;
    %inv;
    %pushi/vec4 1, 0, 16;
    %add;
    %store/vec4 v000001e7e3c214f0_0, 0, 16;
    %jmp T_8.18;
T_8.10 ;
    %load/vec4 v000001e7e3c22a30_0;
    %inv;
    %pushi/vec4 1, 0, 16;
    %add;
    %store/vec4 v000001e7e3c214f0_0, 0, 16;
    %jmp T_8.18;
T_8.11 ;
    %load/vec4 v000001e7e3c22670_0;
    %inv;
    %store/vec4 v000001e7e3c214f0_0, 0, 16;
    %jmp T_8.18;
T_8.12 ;
    %load/vec4 v000001e7e3c22a30_0;
    %inv;
    %store/vec4 v000001e7e3c214f0_0, 0, 16;
    %jmp T_8.18;
T_8.13 ;
    %load/vec4 v000001e7e3c22670_0;
    %store/vec4 v000001e7e3c214f0_0, 0, 16;
    %jmp T_8.18;
T_8.14 ;
    %load/vec4 v000001e7e3c22a30_0;
    %store/vec4 v000001e7e3c214f0_0, 0, 16;
    %jmp T_8.18;
T_8.15 ;
    %pushi/vec4 65535, 0, 16;
    %store/vec4 v000001e7e3c214f0_0, 0, 16;
    %jmp T_8.18;
T_8.16 ;
    %pushi/vec4 1, 0, 16;
    %store/vec4 v000001e7e3c214f0_0, 0, 16;
    %jmp T_8.18;
T_8.17 ;
    %pushi/vec4 0, 0, 16;
    %store/vec4 v000001e7e3c214f0_0, 0, 16;
    %jmp T_8.18;
T_8.18 ;
    %pop/vec4 1;
    %jmp T_8;
    .thread T_8, $push;
    .scope S_000001e7e3c12f10;
T_9 ;
    %wait E_000001e7e3c27cf0;
    %load/vec4 v000001e7e3c831b0_0;
    %dup/vec4;
    %pushi/vec4 0, 0, 5;
    %cmp/u;
    %jmp/1 T_9.0, 6;
    %dup/vec4;
    %pushi/vec4 1, 0, 5;
    %cmp/u;
    %jmp/1 T_9.1, 6;
    %dup/vec4;
    %pushi/vec4 2, 0, 5;
    %cmp/u;
    %jmp/1 T_9.2, 6;
    %dup/vec4;
    %pushi/vec4 3, 0, 5;
    %cmp/u;
    %jmp/1 T_9.3, 6;
    %dup/vec4;
    %pushi/vec4 4, 0, 5;
    %cmp/u;
    %jmp/1 T_9.4, 6;
    %dup/vec4;
    %pushi/vec4 5, 0, 5;
    %cmp/u;
    %jmp/1 T_9.5, 6;
    %dup/vec4;
    %pushi/vec4 6, 0, 5;
    %cmp/u;
    %jmp/1 T_9.6, 6;
    %dup/vec4;
    %pushi/vec4 7, 0, 5;
    %cmp/u;
    %jmp/1 T_9.7, 6;
    %dup/vec4;
    %pushi/vec4 8, 0, 5;
    %cmp/u;
    %jmp/1 T_9.8, 6;
    %dup/vec4;
    %pushi/vec4 9, 0, 5;
    %cmp/u;
    %jmp/1 T_9.9, 6;
    %dup/vec4;
    %pushi/vec4 10, 0, 5;
    %cmp/u;
    %jmp/1 T_9.10, 6;
    %dup/vec4;
    %pushi/vec4 11, 0, 5;
    %cmp/u;
    %jmp/1 T_9.11, 6;
    %dup/vec4;
    %pushi/vec4 12, 0, 5;
    %cmp/u;
    %jmp/1 T_9.12, 6;
    %dup/vec4;
    %pushi/vec4 13, 0, 5;
    %cmp/u;
    %jmp/1 T_9.13, 6;
    %dup/vec4;
    %pushi/vec4 14, 0, 5;
    %cmp/u;
    %jmp/1 T_9.14, 6;
    %dup/vec4;
    %pushi/vec4 15, 0, 5;
    %cmp/u;
    %jmp/1 T_9.15, 6;
    %dup/vec4;
    %pushi/vec4 16, 0, 5;
    %cmp/u;
    %jmp/1 T_9.16, 6;
    %dup/vec4;
    %pushi/vec4 17, 0, 5;
    %cmp/u;
    %jmp/1 T_9.17, 6;
    %pushi/vec4 63, 63, 6;
    %split/vec4 1;
    %store/vec4 v000001e7e3c845b0_0, 0, 1;
    %split/vec4 1;
    %store/vec4 v000001e7e3c84510_0, 0, 1;
    %split/vec4 1;
    %store/vec4 v000001e7e3c83f70_0, 0, 1;
    %split/vec4 1;
    %store/vec4 v000001e7e3c83e30_0, 0, 1;
    %split/vec4 1;
    %store/vec4 v000001e7e3c83ed0_0, 0, 1;
    %store/vec4 v000001e7e3c83250_0, 0, 1;
    %jmp T_9.19;
T_9.0 ;
    %pushi/vec4 40, 0, 6;
    %split/vec4 1;
    %store/vec4 v000001e7e3c845b0_0, 0, 1;
    %split/vec4 1;
    %store/vec4 v000001e7e3c84510_0, 0, 1;
    %split/vec4 1;
    %store/vec4 v000001e7e3c83f70_0, 0, 1;
    %split/vec4 1;
    %store/vec4 v000001e7e3c83e30_0, 0, 1;
    %split/vec4 1;
    %store/vec4 v000001e7e3c83ed0_0, 0, 1;
    %store/vec4 v000001e7e3c83250_0, 0, 1;
    %jmp T_9.19;
T_9.1 ;
    %pushi/vec4 63, 0, 6;
    %split/vec4 1;
    %store/vec4 v000001e7e3c845b0_0, 0, 1;
    %split/vec4 1;
    %store/vec4 v000001e7e3c84510_0, 0, 1;
    %split/vec4 1;
    %store/vec4 v000001e7e3c83f70_0, 0, 1;
    %split/vec4 1;
    %store/vec4 v000001e7e3c83e30_0, 0, 1;
    %split/vec4 1;
    %store/vec4 v000001e7e3c83ed0_0, 0, 1;
    %store/vec4 v000001e7e3c83250_0, 0, 1;
    %jmp T_9.19;
T_9.2 ;
    %pushi/vec4 46, 0, 6;
    %split/vec4 1;
    %store/vec4 v000001e7e3c845b0_0, 0, 1;
    %split/vec4 1;
    %store/vec4 v000001e7e3c84510_0, 0, 1;
    %split/vec4 1;
    %store/vec4 v000001e7e3c83f70_0, 0, 1;
    %split/vec4 1;
    %store/vec4 v000001e7e3c83e30_0, 0, 1;
    %split/vec4 1;
    %store/vec4 v000001e7e3c83ed0_0, 0, 1;
    %store/vec4 v000001e7e3c83250_0, 0, 1;
    %jmp T_9.19;
T_9.3 ;
    %pushi/vec4 10, 0, 6;
    %split/vec4 1;
    %store/vec4 v000001e7e3c845b0_0, 0, 1;
    %split/vec4 1;
    %store/vec4 v000001e7e3c84510_0, 0, 1;
    %split/vec4 1;
    %store/vec4 v000001e7e3c83f70_0, 0, 1;
    %split/vec4 1;
    %store/vec4 v000001e7e3c83e30_0, 0, 1;
    %split/vec4 1;
    %store/vec4 v000001e7e3c83ed0_0, 0, 1;
    %store/vec4 v000001e7e3c83250_0, 0, 1;
    %jmp T_9.19;
T_9.4 ;
    %pushi/vec4 34, 0, 6;
    %split/vec4 1;
    %store/vec4 v000001e7e3c845b0_0, 0, 1;
    %split/vec4 1;
    %store/vec4 v000001e7e3c84510_0, 0, 1;
    %split/vec4 1;
    %store/vec4 v000001e7e3c83f70_0, 0, 1;
    %split/vec4 1;
    %store/vec4 v000001e7e3c83e30_0, 0, 1;
    %split/vec4 1;
    %store/vec4 v000001e7e3c83ed0_0, 0, 1;
    %store/vec4 v000001e7e3c83250_0, 0, 1;
    %jmp T_9.19;
T_9.5 ;
    %pushi/vec4 26, 0, 6;
    %split/vec4 1;
    %store/vec4 v000001e7e3c845b0_0, 0, 1;
    %split/vec4 1;
    %store/vec4 v000001e7e3c84510_0, 0, 1;
    %split/vec4 1;
    %store/vec4 v000001e7e3c83f70_0, 0, 1;
    %split/vec4 1;
    %store/vec4 v000001e7e3c83e30_0, 0, 1;
    %split/vec4 1;
    %store/vec4 v000001e7e3c83ed0_0, 0, 1;
    %store/vec4 v000001e7e3c83250_0, 0, 1;
    %jmp T_9.19;
T_9.6 ;
    %pushi/vec4 35, 0, 6;
    %split/vec4 1;
    %store/vec4 v000001e7e3c845b0_0, 0, 1;
    %split/vec4 1;
    %store/vec4 v000001e7e3c84510_0, 0, 1;
    %split/vec4 1;
    %store/vec4 v000001e7e3c83f70_0, 0, 1;
    %split/vec4 1;
    %store/vec4 v000001e7e3c83e30_0, 0, 1;
    %split/vec4 1;
    %store/vec4 v000001e7e3c83ed0_0, 0, 1;
    %store/vec4 v000001e7e3c83250_0, 0, 1;
    %jmp T_9.19;
T_9.7 ;
    %pushi/vec4 15, 0, 6;
    %split/vec4 1;
    %store/vec4 v000001e7e3c845b0_0, 0, 1;
    %split/vec4 1;
    %store/vec4 v000001e7e3c84510_0, 0, 1;
    %split/vec4 1;
    %store/vec4 v000001e7e3c83f70_0, 0, 1;
    %split/vec4 1;
    %store/vec4 v000001e7e3c83e30_0, 0, 1;
    %split/vec4 1;
    %store/vec4 v000001e7e3c83ed0_0, 0, 1;
    %store/vec4 v000001e7e3c83250_0, 0, 1;
    %jmp T_9.19;
T_9.8 ;
    %pushi/vec4 51, 0, 6;
    %split/vec4 1;
    %store/vec4 v000001e7e3c845b0_0, 0, 1;
    %split/vec4 1;
    %store/vec4 v000001e7e3c84510_0, 0, 1;
    %split/vec4 1;
    %store/vec4 v000001e7e3c83f70_0, 0, 1;
    %split/vec4 1;
    %store/vec4 v000001e7e3c83e30_0, 0, 1;
    %split/vec4 1;
    %store/vec4 v000001e7e3c83ed0_0, 0, 1;
    %store/vec4 v000001e7e3c83250_0, 0, 1;
    %jmp T_9.19;
T_9.9 ;
    %pushi/vec4 31, 0, 6;
    %split/vec4 1;
    %store/vec4 v000001e7e3c845b0_0, 0, 1;
    %split/vec4 1;
    %store/vec4 v000001e7e3c84510_0, 0, 1;
    %split/vec4 1;
    %store/vec4 v000001e7e3c83f70_0, 0, 1;
    %split/vec4 1;
    %store/vec4 v000001e7e3c83e30_0, 0, 1;
    %split/vec4 1;
    %store/vec4 v000001e7e3c83ed0_0, 0, 1;
    %store/vec4 v000001e7e3c83250_0, 0, 1;
    %jmp T_9.19;
T_9.10 ;
    %pushi/vec4 55, 0, 6;
    %split/vec4 1;
    %store/vec4 v000001e7e3c845b0_0, 0, 1;
    %split/vec4 1;
    %store/vec4 v000001e7e3c84510_0, 0, 1;
    %split/vec4 1;
    %store/vec4 v000001e7e3c83f70_0, 0, 1;
    %split/vec4 1;
    %store/vec4 v000001e7e3c83e30_0, 0, 1;
    %split/vec4 1;
    %store/vec4 v000001e7e3c83ed0_0, 0, 1;
    %store/vec4 v000001e7e3c83250_0, 0, 1;
    %jmp T_9.19;
T_9.11 ;
    %pushi/vec4 14, 0, 6;
    %split/vec4 1;
    %store/vec4 v000001e7e3c845b0_0, 0, 1;
    %split/vec4 1;
    %store/vec4 v000001e7e3c84510_0, 0, 1;
    %split/vec4 1;
    %store/vec4 v000001e7e3c83f70_0, 0, 1;
    %split/vec4 1;
    %store/vec4 v000001e7e3c83e30_0, 0, 1;
    %split/vec4 1;
    %store/vec4 v000001e7e3c83ed0_0, 0, 1;
    %store/vec4 v000001e7e3c83250_0, 0, 1;
    %jmp T_9.19;
T_9.12 ;
    %pushi/vec4 50, 0, 6;
    %split/vec4 1;
    %store/vec4 v000001e7e3c845b0_0, 0, 1;
    %split/vec4 1;
    %store/vec4 v000001e7e3c84510_0, 0, 1;
    %split/vec4 1;
    %store/vec4 v000001e7e3c83f70_0, 0, 1;
    %split/vec4 1;
    %store/vec4 v000001e7e3c83e30_0, 0, 1;
    %split/vec4 1;
    %store/vec4 v000001e7e3c83ed0_0, 0, 1;
    %store/vec4 v000001e7e3c83250_0, 0, 1;
    %jmp T_9.19;
T_9.13 ;
    %pushi/vec4 2, 0, 6;
    %split/vec4 1;
    %store/vec4 v000001e7e3c845b0_0, 0, 1;
    %split/vec4 1;
    %store/vec4 v000001e7e3c84510_0, 0, 1;
    %split/vec4 1;
    %store/vec4 v000001e7e3c83f70_0, 0, 1;
    %split/vec4 1;
    %store/vec4 v000001e7e3c83e30_0, 0, 1;
    %split/vec4 1;
    %store/vec4 v000001e7e3c83ed0_0, 0, 1;
    %store/vec4 v000001e7e3c83250_0, 0, 1;
    %jmp T_9.19;
T_9.14 ;
    %pushi/vec4 19, 0, 6;
    %split/vec4 1;
    %store/vec4 v000001e7e3c845b0_0, 0, 1;
    %split/vec4 1;
    %store/vec4 v000001e7e3c84510_0, 0, 1;
    %split/vec4 1;
    %store/vec4 v000001e7e3c83f70_0, 0, 1;
    %split/vec4 1;
    %store/vec4 v000001e7e3c83e30_0, 0, 1;
    %split/vec4 1;
    %store/vec4 v000001e7e3c83ed0_0, 0, 1;
    %store/vec4 v000001e7e3c83250_0, 0, 1;
    %jmp T_9.19;
T_9.15 ;
    %pushi/vec4 7, 0, 6;
    %split/vec4 1;
    %store/vec4 v000001e7e3c845b0_0, 0, 1;
    %split/vec4 1;
    %store/vec4 v000001e7e3c84510_0, 0, 1;
    %split/vec4 1;
    %store/vec4 v000001e7e3c83f70_0, 0, 1;
    %split/vec4 1;
    %store/vec4 v000001e7e3c83e30_0, 0, 1;
    %split/vec4 1;
    %store/vec4 v000001e7e3c83ed0_0, 0, 1;
    %store/vec4 v000001e7e3c83250_0, 0, 1;
    %jmp T_9.19;
T_9.16 ;
    %pushi/vec4 0, 0, 6;
    %split/vec4 1;
    %store/vec4 v000001e7e3c845b0_0, 0, 1;
    %split/vec4 1;
    %store/vec4 v000001e7e3c84510_0, 0, 1;
    %split/vec4 1;
    %store/vec4 v000001e7e3c83f70_0, 0, 1;
    %split/vec4 1;
    %store/vec4 v000001e7e3c83e30_0, 0, 1;
    %split/vec4 1;
    %store/vec4 v000001e7e3c83ed0_0, 0, 1;
    %store/vec4 v000001e7e3c83250_0, 0, 1;
    %jmp T_9.19;
T_9.17 ;
    %pushi/vec4 21, 0, 6;
    %split/vec4 1;
    %store/vec4 v000001e7e3c845b0_0, 0, 1;
    %split/vec4 1;
    %store/vec4 v000001e7e3c84510_0, 0, 1;
    %split/vec4 1;
    %store/vec4 v000001e7e3c83f70_0, 0, 1;
    %split/vec4 1;
    %store/vec4 v000001e7e3c83e30_0, 0, 1;
    %split/vec4 1;
    %store/vec4 v000001e7e3c83ed0_0, 0, 1;
    %store/vec4 v000001e7e3c83250_0, 0, 1;
    %jmp T_9.19;
T_9.19 ;
    %pop/vec4 1;
    %jmp T_9;
    .thread T_9, $push;
    .scope S_000001e7e3c2be20;
T_10 ;
    %wait E_000001e7e3c28130;
    %load/vec4 v000001e7e3c848d0_0;
    %dup/vec4;
    %pushi/vec4 0, 0, 2;
    %cmp/u;
    %jmp/1 T_10.0, 6;
    %dup/vec4;
    %pushi/vec4 1, 0, 2;
    %cmp/u;
    %jmp/1 T_10.1, 6;
    %dup/vec4;
    %pushi/vec4 2, 0, 2;
    %cmp/u;
    %jmp/1 T_10.2, 6;
    %dup/vec4;
    %pushi/vec4 3, 0, 2;
    %cmp/u;
    %jmp/1 T_10.3, 6;
    %jmp T_10.4;
T_10.0 ;
    %load/vec4 v000001e7e3c83430_0;
    %addi 1, 0, 10;
    %store/vec4 v000001e7e3c834d0_0, 0, 10;
    %jmp T_10.4;
T_10.1 ;
    %load/vec4 v000001e7e3c86b60_0;
    %parti/s 10, 0, 2;
    %store/vec4 v000001e7e3c834d0_0, 0, 10;
    %jmp T_10.4;
T_10.2 ;
    %load/vec4 v000001e7e3c85f80_0;
    %flag_set/vec4 8;
    %jmp/0 T_10.5, 8;
    %load/vec4 v000001e7e3c83a70_0;
    %parti/s 10, 0, 2;
    %jmp/1 T_10.6, 8;
T_10.5 ; End of true expr.
    %load/vec4 v000001e7e3c83430_0;
    %addi 1, 0, 10;
    %jmp/0 T_10.6, 8;
 ; End of false expr.
    %blend;
T_10.6;
    %store/vec4 v000001e7e3c834d0_0, 0, 10;
    %jmp T_10.4;
T_10.3 ;
    %load/vec4 v000001e7e3c851c0_0;
    %flag_set/vec4 8;
    %jmp/0 T_10.7, 8;
    %load/vec4 v000001e7e3c83a70_0;
    %parti/s 10, 0, 2;
    %jmp/1 T_10.8, 8;
T_10.7 ; End of true expr.
    %load/vec4 v000001e7e3c83430_0;
    %addi 1, 0, 10;
    %jmp/0 T_10.8, 8;
 ; End of false expr.
    %blend;
T_10.8;
    %store/vec4 v000001e7e3c834d0_0, 0, 10;
    %jmp T_10.4;
T_10.4 ;
    %pop/vec4 1;
    %jmp T_10;
    .thread T_10, $push;
# The file index is used to find the file name in the following table.
:file_names 9;
    "N/A";
    "<interactive>";
    "top_file.v";
    "./accumulator.v";
    "./alu.v";
    "./memory.v";
    "./control_unit.v";
    "./instruction_register.v";
    "./program_counter.v";
